[INFO] Scanning for projects...
[INFO] ------------------------------------------------------------------------
[INFO] Reactor Build Order:
[INFO] 
[INFO] CWS
[INFO] CWS - API
[INFO] CWS - Core
[INFO] CWS - REST
[INFO] CWS - SOAP
[INFO] CWS - WildFly WAR
[INFO] CWS - Payara WAR
[INFO]                                                                         
[INFO] ------------------------------------------------------------------------
[INFO] Building CWS 1.1-SNAPSHOT
[INFO] ------------------------------------------------------------------------
[INFO] 
[INFO] --- jacoco-maven-plugin:0.8.2:prepare-agent (pre-test) @ cws ---
[INFO] argLine set to -javaagent:/root/./workspace/JavaDogs/cws/459533785/.m2/org/jacoco/org.jacoco.agent/0.8.2/org.jacoco.agent-0.8.2-runtime.jar=destfile=/root/workspace/JavaDogs/cws/459533785/../target/jacoco.exec,append=true,includes=io.javadog.cws.*
[INFO]                                                                         
[INFO] ------------------------------------------------------------------------
[INFO] Building CWS - API 1.1-SNAPSHOT
[INFO] ------------------------------------------------------------------------
[INFO] 
[INFO] --- jacoco-maven-plugin:0.8.2:prepare-agent (pre-test) @ cws-api ---
[INFO] argLine set to -javaagent:/root/./workspace/JavaDogs/cws/459533785/.m2/org/jacoco/org.jacoco.agent/0.8.2/org.jacoco.agent-0.8.2-runtime.jar=destfile=/root/workspace/JavaDogs/cws/459533785/cws-api/../target/jacoco.exec,append=true,includes=io.javadog.cws.*
[INFO] 
[INFO] --- maven-resources-plugin:2.6:resources (default-resources) @ cws-api ---
[INFO] Using 'UTF-8' encoding to copy filtered resources.
[INFO] skip non existing resourceDirectory /root/workspace/JavaDogs/cws/459533785/cws-api/src/main/resources
[INFO] 
[INFO] --- maven-compiler-plugin:3.8.0:compile (default-compile) @ cws-api ---
[INFO] Changes detected - recompiling the module!
[INFO] Compiling 57 source files to /root/workspace/JavaDogs/cws/459533785/cws-api/target/classes
[INFO] 
[INFO] --- maven-resources-plugin:2.6:testResources (default-testResources) @ cws-api ---
[INFO] Using 'UTF-8' encoding to copy filtered resources.
[INFO] skip non existing resourceDirectory /root/workspace/JavaDogs/cws/459533785/cws-api/src/test/resources
[INFO] 
[INFO] --- maven-compiler-plugin:3.8.0:testCompile (default-testCompile) @ cws-api ---
[INFO] Nothing to compile - all classes are up to date
[INFO] 
[INFO] --- maven-surefire-plugin:2.22.0:test (default-test) @ cws-api ---
[INFO] Downloading: https://repo.maven.apache.org/maven2/org/apache/maven/surefire/surefire-junit-platform/2.22.0/surefire-junit-platform-2.22.0.pom
[INFO] Downloaded: https://repo.maven.apache.org/maven2/org/apache/maven/surefire/surefire-junit-platform/2.22.0/surefire-junit-platform-2.22.0.pom (7 KB at 14.1 KB/sec)
[INFO] Downloading: https://repo.maven.apache.org/maven2/org/apache/maven/surefire/surefire-providers/2.22.0/surefire-providers-2.22.0.pom
[INFO] Downloaded: https://repo.maven.apache.org/maven2/org/apache/maven/surefire/surefire-providers/2.22.0/surefire-providers-2.22.0.pom (3 KB at 57.8 KB/sec)
[INFO] Downloading: https://repo.maven.apache.org/maven2/org/junit/platform/junit-platform-launcher/1.2.0/junit-platform-launcher-1.2.0.pom
[INFO] Downloaded: https://repo.maven.apache.org/maven2/org/junit/platform/junit-platform-launcher/1.2.0/junit-platform-launcher-1.2.0.pom (3 KB at 52.8 KB/sec)
[INFO] Downloading: https://repo.maven.apache.org/maven2/org/junit/platform/junit-platform-engine/1.2.0/junit-platform-engine-1.2.0.pom
[INFO] Downloaded: https://repo.maven.apache.org/maven2/org/junit/platform/junit-platform-engine/1.2.0/junit-platform-engine-1.2.0.pom (3 KB at 48.7 KB/sec)
[INFO] Downloading: https://repo.maven.apache.org/maven2/org/junit/platform/junit-platform-commons/1.2.0/junit-platform-commons-1.2.0.pom
[INFO] Downloaded: https://repo.maven.apache.org/maven2/org/junit/platform/junit-platform-commons/1.2.0/junit-platform-commons-1.2.0.pom (2 KB at 50.6 KB/sec)
[INFO] Downloading: https://repo.maven.apache.org/maven2/org/junit/platform/junit-platform-engine/1.2.0/junit-platform-engine-1.2.0.jar
[INFO] Downloading: https://repo.maven.apache.org/maven2/org/apache/maven/surefire/surefire-junit-platform/2.22.0/surefire-junit-platform-2.22.0.jar
[INFO] Downloading: https://repo.maven.apache.org/maven2/org/junit/platform/junit-platform-commons/1.2.0/junit-platform-commons-1.2.0.jar
[INFO] Downloading: https://repo.maven.apache.org/maven2/org/junit/platform/junit-platform-launcher/1.2.0/junit-platform-launcher-1.2.0.jar
[INFO] Downloaded: https://repo.maven.apache.org/maven2/org/junit/platform/junit-platform-engine/1.2.0/junit-platform-engine-1.2.0.jar (88 KB at 1111.8 KB/sec)
[INFO] Downloaded: https://repo.maven.apache.org/maven2/org/junit/platform/junit-platform-commons/1.2.0/junit-platform-commons-1.2.0.jar (77 KB at 714.6 KB/sec)
[INFO] Downloaded: https://repo.maven.apache.org/maven2/org/apache/maven/surefire/surefire-junit-platform/2.22.0/surefire-junit-platform-2.22.0.jar (65 KB at 585.1 KB/sec)
[INFO] Downloaded: https://repo.maven.apache.org/maven2/org/junit/platform/junit-platform-launcher/1.2.0/junit-platform-launcher-1.2.0.jar (79 KB at 738.6 KB/sec)
[INFO] 
[INFO] -------------------------------------------------------
[INFO]  T E S T S
[INFO] -------------------------------------------------------
[INFO] Running ReturnCodeTest
[INFO] Tests run: 1, Failures: 0, Errors: 0, Skipped: 0, Time elapsed: 0.013 s - in ReturnCodeTest
[INFO] Running PrivateConstructorTest
[INFO] Tests run: 2, Failures: 0, Errors: 0, Skipped: 0, Time elapsed: 0.002 s - in PrivateConstructorTest
[INFO] Running TrustLevelTest
[INFO] Tests run: 1, Failures: 0, Errors: 0, Skipped: 0, Time elapsed: 0 s - in TrustLevelTest
[INFO] Running MasterKeyRequestTest
[INFO] Tests run: 2, Failures: 0, Errors: 0, Skipped: 0, Time elapsed: 0.001 s - in MasterKeyRequestTest
[INFO] Running ProcessCircleRequestTest
[INFO] Tests run: 9, Failures: 0, Errors: 0, Skipped: 0, Time elapsed: 0.01 s - in ProcessCircleRequestTest
[INFO] Running ProcessDataRequestTest
[INFO] Tests run: 13, Failures: 0, Errors: 0, Skipped: 0, Time elapsed: 0.011 s - in ProcessDataRequestTest
[INFO] Running FetchDataRequestTest
[INFO] Tests run: 3, Failures: 0, Errors: 0, Skipped: 0, Time elapsed: 0.001 s - in FetchDataRequestTest
[INFO] Running AuthenticationTest
[INFO] Tests run: 4, Failures: 0, Errors: 0, Skipped: 0, Time elapsed: 0.001 s - in AuthenticationTest
[INFO] Running SignRequestTest
[INFO] Tests run: 3, Failures: 0, Errors: 0, Skipped: 0, Time elapsed: 0.007 s - in SignRequestTest
[INFO] Running VerifyRequestTest
[INFO] Tests run: 3, Failures: 0, Errors: 0, Skipped: 0, Time elapsed: 0.004 s - in VerifyRequestTest
[INFO] Running ProcessDataTypeRequestTest
[INFO] Tests run: 7, Failures: 0, Errors: 0, Skipped: 0, Time elapsed: 0.022 s - in ProcessDataTypeRequestTest
[INFO] Running FetchSignatureRequestTest
[INFO] Tests run: 2, Failures: 0, Errors: 0, Skipped: 0, Time elapsed: 0.003 s - in FetchSignatureRequestTest
[INFO] Running FetchCircleRequestTest
[INFO] Tests run: 2, Failures: 0, Errors: 0, Skipped: 0, Time elapsed: 0.001 s - in FetchCircleRequestTest
[INFO] Running SettingRequestTest
[INFO] Tests run: 2, Failures: 0, Errors: 0, Skipped: 0, Time elapsed: 0.001 s - in SettingRequestTest
[INFO] Running FetchTrusteeRequestTest
[INFO] Tests run: 3, Failures: 0, Errors: 0, Skipped: 0, Time elapsed: 0.005 s - in FetchTrusteeRequestTest
[INFO] Running ProcessMemberRequestTest
[INFO] Tests run: 16, Failures: 0, Errors: 0, Skipped: 0, Time elapsed: 0.027 s - in ProcessMemberRequestTest
[INFO] Running FetchMemberRequestTest
[INFO] Tests run: 3, Failures: 0, Errors: 0, Skipped: 0, Time elapsed: 0.004 s - in FetchMemberRequestTest
[INFO] Running ProcessTrusteeRequestTest
[INFO] Tests run: 9, Failures: 0, Errors: 0, Skipped: 0, Time elapsed: 0.021 s - in ProcessTrusteeRequestTest
[INFO] Running FetchDataTypeRequestTest
[INFO] Tests run: 2, Failures: 0, Errors: 0, Skipped: 0, Time elapsed: 0.001 s - in FetchDataTypeRequestTest
[INFO] Running SanityRequestTest
[INFO] Tests run: 3, Failures: 0, Errors: 0, Skipped: 0, Time elapsed: 0.001 s - in SanityRequestTest
[INFO] Running MetadataTest
[INFO] Tests run: 2, Failures: 0, Errors: 0, Skipped: 0, Time elapsed: 0.036 s - in MetadataTest
[INFO] Running SignatureTest
[INFO] Tests run: 2, Failures: 0, Errors: 0, Skipped: 0, Time elapsed: 0.001 s - in SignatureTest
[INFO] Running MemberTest
[INFO] Tests run: 2, Failures: 0, Errors: 0, Skipped: 0, Time elapsed: 0.001 s - in MemberTest
[INFO] Running CircleTest
[INFO] Tests run: 2, Failures: 0, Errors: 0, Skipped: 0, Time elapsed: 0 s - in CircleTest
[INFO] Running TrusteeTest
[INFO] Tests run: 2, Failures: 0, Errors: 0, Skipped: 0, Time elapsed: 0 s - in TrusteeTest
[INFO] Running SanityTest
[INFO] Tests run: 2, Failures: 0, Errors: 0, Skipped: 0, Time elapsed: 0.001 s - in SanityTest
[INFO] Running DataTypeTest
[INFO] Tests run: 2, Failures: 0, Errors: 0, Skipped: 0, Time elapsed: 0 s - in DataTypeTest
[INFO] Running VerifyResponseTest
[INFO] Tests run: 2, Failures: 0, Errors: 0, Skipped: 0, Time elapsed: 0.004 s - in VerifyResponseTest
[INFO] Running FetchSignatureResponseTest
[INFO] Tests run: 2, Failures: 0, Errors: 0, Skipped: 0, Time elapsed: 0.002 s - in FetchSignatureResponseTest
[INFO] Running FetchDataTypeResponseTest
[INFO] Tests run: 2, Failures: 0, Errors: 0, Skipped: 0, Time elapsed: 0.001 s - in FetchDataTypeResponseTest
[INFO] Running ProcessDataResponseTest
[INFO] Tests run: 2, Failures: 0, Errors: 0, Skipped: 0, Time elapsed: 0.001 s - in ProcessDataResponseTest
[INFO] Running ProcessDataTypeResponseTest
[INFO] Tests run: 2, Failures: 0, Errors: 0, Skipped: 0, Time elapsed: 0.001 s - in ProcessDataTypeResponseTest
[INFO] Running FetchTrusteeResponseTest
[INFO] Tests run: 2, Failures: 0, Errors: 0, Skipped: 0, Time elapsed: 0.001 s - in FetchTrusteeResponseTest
[INFO] Running SettingResponseTest
[INFO] Tests run: 2, Failures: 0, Errors: 0, Skipped: 0, Time elapsed: 0.002 s - in SettingResponseTest
[INFO] Running ProcessTrusteeResponseTest
[INFO] Tests run: 2, Failures: 0, Errors: 0, Skipped: 0, Time elapsed: 0.001 s - in ProcessTrusteeResponseTest
[INFO] Running VersionResponseTest
[INFO] Tests run: 2, Failures: 0, Errors: 0, Skipped: 0, Time elapsed: 0.001 s - in VersionResponseTest
[INFO] Running SanityResponseTest
[INFO] Tests run: 2, Failures: 0, Errors: 0, Skipped: 0, Time elapsed: 0.001 s - in SanityResponseTest
[INFO] Running SignResponseTest
[INFO] Tests run: 2, Failures: 0, Errors: 0, Skipped: 0, Time elapsed: 0.002 s - in SignResponseTest
[INFO] Running FetchMemberResponseTest
[INFO] Tests run: 2, Failures: 0, Errors: 0, Skipped: 0, Time elapsed: 0.002 s - in FetchMemberResponseTest
[INFO] Running MasterKeyResponseTest
[INFO] Tests run: 2, Failures: 0, Errors: 0, Skipped: 0, Time elapsed: 0.001 s - in MasterKeyResponseTest
[INFO] Running CwsResponseTest
[INFO] Tests run: 2, Failures: 0, Errors: 0, Skipped: 0, Time elapsed: 0 s - in CwsResponseTest
[INFO] Running ProcessCircleResponseTest
[INFO] Tests run: 2, Failures: 0, Errors: 0, Skipped: 0, Time elapsed: 0 s - in ProcessCircleResponseTest
[INFO] Running ProcessMemberResponseTest
[INFO] Tests run: 2, Failures: 0, Errors: 0, Skipped: 0, Time elapsed: 0.002 s - in ProcessMemberResponseTest
[INFO] Running FetchDataResponseTest
[INFO] Tests run: 2, Failures: 0, Errors: 0, Skipped: 0, Time elapsed: 0.001 s - in FetchDataResponseTest
[INFO] Running FetchCircleResponseTest
[INFO] Tests run: 2, Failures: 0, Errors: 0, Skipped: 0, Time elapsed: 0.001 s - in FetchCircleResponseTest
[INFO] 
[INFO] Results:
[INFO] 
[INFO] Tests run: 140, Failures: 0, Errors: 0, Skipped: 0
[INFO] 
[INFO]                                                                         
[INFO] ------------------------------------------------------------------------
[INFO] Building CWS - Core 1.1-SNAPSHOT
[INFO] ------------------------------------------------------------------------
[INFO] 
[INFO] --- jacoco-maven-plugin:0.8.2:prepare-agent (pre-test) @ cws-core ---
[INFO] argLine set to -javaagent:/root/./workspace/JavaDogs/cws/459533785/.m2/org/jacoco/org.jacoco.agent/0.8.2/org.jacoco.agent-0.8.2-runtime.jar=destfile=/root/workspace/JavaDogs/cws/459533785/cws-core/../target/jacoco.exec,append=true,includes=io.javadog.cws.*
[INFO] 
[INFO] --- maven-resources-plugin:2.6:resources (default-resources) @ cws-core ---
[INFO] Using 'UTF-8' encoding to copy filtered resources.
[INFO] skip non existing resourceDirectory /root/workspace/JavaDogs/cws/459533785/cws-core/src/main/resources
[INFO] 
[INFO] --- maven-compiler-plugin:3.8.0:compile (default-compile) @ cws-core ---
[INFO] Changes detected - recompiling the module!
[INFO] Compiling 69 source files to /root/workspace/JavaDogs/cws/459533785/cws-core/target/classes
[INFO] /root/workspace/JavaDogs/cws/459533785/cws-core/src/main/java/io/javadog/cws/core/model/CommonDao.java: /root/workspace/JavaDogs/cws/459533785/cws-core/src/main/java/io/javadog/cws/core/model/CommonDao.java uses unchecked or unsafe operations.
[INFO] /root/workspace/JavaDogs/cws/459533785/cws-core/src/main/java/io/javadog/cws/core/model/CommonDao.java: Recompile with -Xlint:unchecked for details.
[INFO] 
[INFO] --- maven-resources-plugin:2.6:testResources (default-testResources) @ cws-core ---
[INFO] Using 'UTF-8' encoding to copy filtered resources.
[INFO] Copying 4 resources
[INFO] 
[INFO] --- maven-compiler-plugin:3.8.0:testCompile (default-testCompile) @ cws-core ---
[INFO] Nothing to compile - all classes are up to date
[INFO] 
[INFO] --- maven-surefire-plugin:2.22.0:test (default-test) @ cws-core ---
[INFO] 
[INFO] -------------------------------------------------------
[INFO]  T E S T S
[INFO] -------------------------------------------------------
[INFO] Running LoggingUtilTest
[INFO] Tests run: 3, Failures: 0, Errors: 0, Skipped: 0, Time elapsed: 0.047 s - in LoggingUtilTest
[INFO] Running SettingServiceTest
[INFO] Tests run: 25, Failures: 0, Errors: 0, Skipped: 0, Time elapsed: 9.291 s - in SettingServiceTest
[INFO] Running DataTypeServiceTest
[INFO] Tests run: 13, Failures: 0, Errors: 0, Skipped: 0, Time elapsed: 0.184 s - in DataTypeServiceTest
[INFO] Running CircleServiceTest
[INFO] Tests run: 24, Failures: 0, Errors: 0, Skipped: 0, Time elapsed: 0.411 s - in CircleServiceTest
[INFO] Running SanityServiceTest
[INFO] Tests run: 6, Failures: 0, Errors: 0, Skipped: 0, Time elapsed: 1.654 s - in SanityServiceTest
[INFO] Running SignatureServiceTest
[INFO] Tests run: 6, Failures: 0, Errors: 0, Skipped: 0, Time elapsed: 0.504 s - in SignatureServiceTest
[INFO] Running DataServiceTest
[INFO] Tests run: 37, Failures: 0, Errors: 0, Skipped: 0, Time elapsed: 2.916 s - in DataServiceTest
[INFO] Running ProcessMemberServiceTest
[ERROR] Tests run: 29, Failures: 0, Errors: 1, Skipped: 0, Time elapsed: 4.493 s <<< FAILURE! - in ProcessMemberServiceTest
[ERROR] testLoginWithSession  Time elapsed: 0.034 s  <<< ERROR!
java.lang.NullPointerException
	at io.javadog.cws.core.services.ProcessMemberServiceTest.testLoginWithSession(ProcessMemberServiceTest.java:301)

[INFO] Running ServiceableTest
[INFO] Tests run: 6, Failures: 0, Errors: 0, Skipped: 0, Time elapsed: 0.026 s - in ServiceableTest
[INFO] Running TrusteeServiceTest
[INFO] Tests run: 25, Failures: 0, Errors: 0, Skipped: 0, Time elapsed: 0.197 s - in TrusteeServiceTest
[INFO] Running FetchMemberServiceTest
[INFO] Tests run: 18, Failures: 0, Errors: 0, Skipped: 0, Time elapsed: 0.138 s - in FetchMemberServiceTest
[INFO] Running SanitizerBeanTest
[INFO] Tests run: 6, Failures: 0, Errors: 0, Skipped: 0, Time elapsed: 4.39 s - in SanitizerBeanTest
[INFO] Running IVSaltTest
[INFO] Tests run: 2, Failures: 0, Errors: 0, Skipped: 0, Time elapsed: 0 s - in IVSaltTest
[INFO] Running CryptoTest
[INFO] Tests run: 25, Failures: 0, Errors: 0, Skipped: 0, Time elapsed: 8.051 s - in CryptoTest
[INFO] Running DataTypeEntityTest
[INFO] Tests run: 2, Failures: 0, Errors: 0, Skipped: 0, Time elapsed: 0.001 s - in DataTypeEntityTest
[INFO] Running MemberEntityTest
[INFO] Tests run: 8, Failures: 0, Errors: 0, Skipped: 0, Time elapsed: 6.072 s - in MemberEntityTest
[INFO] Running SignatureEntityTest
[INFO] Tests run: 1, Failures: 0, Errors: 0, Skipped: 0, Time elapsed: 0.008 s - in SignatureEntityTest
[INFO] Running TrusteeEntityTest
[INFO] Tests run: 1, Failures: 0, Errors: 0, Skipped: 0, Time elapsed: 0.008 s - in TrusteeEntityTest
[INFO] Running VersionEntityTest
[INFO] Tests run: 1, Failures: 0, Errors: 0, Skipped: 0, Time elapsed: 0.002 s - in VersionEntityTest
[INFO] Running SettingEntityTest
[INFO] Tests run: 2, Failures: 0, Errors: 0, Skipped: 0, Time elapsed: 0.007 s - in SettingEntityTest
[INFO] Running KeyEntityTest
[INFO] Tests run: 3, Failures: 0, Errors: 0, Skipped: 0, Time elapsed: 0.014 s - in KeyEntityTest
[INFO] Running CircleEntityTest
[INFO] Tests run: 1, Failures: 0, Errors: 0, Skipped: 0, Time elapsed: 0.005 s - in CircleEntityTest
[INFO] Running CommonDaoTest
[INFO] Tests run: 2, Failures: 0, Errors: 0, Skipped: 0, Time elapsed: 0.021 s - in CommonDaoTest
[INFO] Running SettingsTest
[INFO] Tests run: 5, Failures: 0, Errors: 0, Skipped: 0, Time elapsed: 0.003 s - in SettingsTest
[INFO] 
[INFO] Results:
[INFO] 
[ERROR] Errors: 
[ERROR]   ProcessMemberServiceTest.testLoginWithSession:301 Â» NullPointer
[INFO] 
[ERROR] Tests run: 251, Failures: 0, Errors: 1, Skipped: 0
[INFO] 
[INFO] ------------------------------------------------------------------------
[INFO] Reactor Summary:
[INFO] 
[INFO] CWS ................................................ SUCCESS [  1.220 s]
[INFO] CWS - API .......................................... SUCCESS [  7.135 s]
[INFO] CWS - Core ......................................... FAILURE [ 43.182 s]
[INFO] CWS - REST ......................................... SKIPPED
[INFO] CWS - SOAP ......................................... SKIPPED
[INFO] CWS - WildFly WAR .................................. SKIPPED
[INFO] CWS - Payara WAR ................................... SKIPPED
[INFO] ------------------------------------------------------------------------
[INFO] BUILD FAILURE
[INFO] ------------------------------------------------------------------------
[INFO] Total time: 51.923 s
[INFO] Finished at: 2018-11-26T10:17:38+01:00
[INFO] Final Memory: 25M/572M
[INFO] ------------------------------------------------------------------------
[ERROR] Failed to execute goal org.apache.maven.plugins:maven-surefire-plugin:2.22.0:test (default-test) on project cws-core: There are test failures.
[ERROR] 
[ERROR] Please refer to /root/workspace/JavaDogs/cws/459533785/cws-core/target/surefire-reports for the individual test results.
[ERROR] Please refer to dump files (if any exist) [date]-jvmRun[N].dump, [date].dumpstream and [date]-jvmRun[N].dumpstream.
[ERROR] -> [Help 1]
[ERROR] 
[ERROR] To see the full stack trace of the errors, re-run Maven with the -e switch.
[ERROR] Re-run Maven using the -X switch to enable full debug logging.
[ERROR] 
[ERROR] For more information about the errors and possible solutions, please read the following articles:
[ERROR] [Help 1] http://cwiki.apache.org/confluence/display/MAVEN/MojoFailureException
[ERROR] 
[ERROR] After correcting the problems, you can resume the build with the command
[ERROR]   mvn <goals> -rf :cws-core
